                       :-) GROMACS - gmx mdrun, 2020 (-:

                            GROMACS is written by:
     Emile Apol      Rossen Apostolov      Paul Bauer     Herman J.C. Berendsen
    Par Bjelkmar      Christian Blau   Viacheslav Bolnykh     Kevin Boyd    
 Aldert van Buuren   Rudi van Drunen     Anton Feenstra       Alan Gray     
  Gerrit Groenhof     Anca Hamuraru    Vincent Hindriksen  M. Eric Irrgang  
  Aleksei Iupinov   Christoph Junghans     Joe Jordan     Dimitrios Karkoulis
    Peter Kasson        Jiri Kraus      Carsten Kutzner      Per Larsson    
  Justin A. Lemkul    Viveca Lindahl    Magnus Lundborg     Erik Marklund   
    Pascal Merz     Pieter Meulenhoff    Teemu Murtola       Szilard Pall   
    Sander Pronk      Roland Schulz      Michael Shirts    Alexey Shvetsov  
   Alfons Sijbers     Peter Tieleman      Jon Vincent      Teemu Virolainen 
 Christian Wennberg    Maarten Wolf      Artem Zhmurov   
                           and the project leaders:
        Mark Abraham, Berk Hess, Erik Lindahl, and David van der Spoel

Copyright (c) 1991-2000, University of Groningen, The Netherlands.
Copyright (c) 2001-2019, The GROMACS development team at
Uppsala University, Stockholm University and
the Royal Institute of Technology, Sweden.
check out http://www.gromacs.org for more information.

GROMACS is free software; you can redistribute it and/or modify it
under the terms of the GNU Lesser General Public License
as published by the Free Software Foundation; either version 2.1
of the License, or (at your option) any later version.

GROMACS:      gmx mdrun, version 2020
Executable:   /usr/local/gromacs/bin/gmx
Data prefix:  /usr/local/gromacs
Working dir:  /run/media/camilo/Elements/home_cocuy/camilo/HITS/teaching/PCLII/tutorials/protein
Process ID:   9009
Command line:
  gmx mdrun -v -s md.tpr -c md.pdb -nice 0

GROMACS version:    2020
Verified release checksum is c8f31ed8bc66001c3c8d6e5ddb61aab8bb1d400b5f5dba93c53473fa79c1a50a
Precision:          single
Memory model:       64 bit
MPI library:        thread_mpi
OpenMP support:     enabled (GMX_OPENMP_MAX_THREADS = 64)
GPU support:        disabled
SIMD instructions:  AVX2_256
FFT library:        fftw-3.3.8-sse2-avx-avx2-avx2_128
RDTSCP usage:       enabled
TNG support:        enabled
Hwloc support:      disabled
Tracing support:    disabled
C compiler:         /usr/bin/cc GNU 9.2.1
C compiler flags:   -mavx2 -mfma -fexcess-precision=fast -funroll-all-loops
C++ compiler:       /usr/bin/c++ GNU 9.2.1
C++ compiler flags: -mavx2 -mfma -fexcess-precision=fast -funroll-all-loops -fopenmp


Running on 1 node with total 2 cores, 4 logical cores
Hardware detected:
  CPU info:
    Vendor: Intel
    Brand:  Intel(R) Core(TM) i7-6500U CPU @ 2.50GHz
    Family: 6   Model: 78   Stepping: 3
    Features: aes apic avx avx2 clfsh cmov cx8 cx16 f16c fma htt intel lahf mmx msr nonstop_tsc pcid pclmuldq pdcm pdpe1gb popcnt pse rdrnd rdtscp sse2 sse3 sse4.1 sse4.2 ssse3 tdt x2apic
  Hardware topology: Basic
    Sockets, cores, and logical processors:
      Socket  0: [   0   2] [   1   3]


++++ PLEASE READ AND CITE THE FOLLOWING REFERENCE ++++
M. J. Abraham, T. Murtola, R. Schulz, S. Páll, J. C. Smith, B. Hess, E.
Lindahl
GROMACS: High performance molecular simulations through multi-level
parallelism from laptops to supercomputers
SoftwareX 1 (2015) pp. 19-25
-------- -------- --- Thank You --- -------- --------


++++ PLEASE READ AND CITE THE FOLLOWING REFERENCE ++++
S. Páll, M. J. Abraham, C. Kutzner, B. Hess, E. Lindahl
Tackling Exascale Software Challenges in Molecular Dynamics Simulations with
GROMACS
In S. Markidis & E. Laure (Eds.), Solving Software Challenges for Exascale 8759 (2015) pp. 3-27
-------- -------- --- Thank You --- -------- --------


++++ PLEASE READ AND CITE THE FOLLOWING REFERENCE ++++
S. Pronk, S. Páll, R. Schulz, P. Larsson, P. Bjelkmar, R. Apostolov, M. R.
Shirts, J. C. Smith, P. M. Kasson, D. van der Spoel, B. Hess, and E. Lindahl
GROMACS 4.5: a high-throughput and highly parallel open source molecular
simulation toolkit
Bioinformatics 29 (2013) pp. 845-54
-------- -------- --- Thank You --- -------- --------


++++ PLEASE READ AND CITE THE FOLLOWING REFERENCE ++++
B. Hess and C. Kutzner and D. van der Spoel and E. Lindahl
GROMACS 4: Algorithms for highly efficient, load-balanced, and scalable
molecular simulation
J. Chem. Theory Comput. 4 (2008) pp. 435-447
-------- -------- --- Thank You --- -------- --------


++++ PLEASE READ AND CITE THE FOLLOWING REFERENCE ++++
D. van der Spoel, E. Lindahl, B. Hess, G. Groenhof, A. E. Mark and H. J. C.
Berendsen
GROMACS: Fast, Flexible and Free
J. Comp. Chem. 26 (2005) pp. 1701-1719
-------- -------- --- Thank You --- -------- --------


++++ PLEASE READ AND CITE THE FOLLOWING REFERENCE ++++
E. Lindahl and B. Hess and D. van der Spoel
GROMACS 3.0: A package for molecular simulation and trajectory analysis
J. Mol. Mod. 7 (2001) pp. 306-317
-------- -------- --- Thank You --- -------- --------


++++ PLEASE READ AND CITE THE FOLLOWING REFERENCE ++++
H. J. C. Berendsen, D. van der Spoel and R. van Drunen
GROMACS: A message-passing parallel molecular dynamics implementation
Comp. Phys. Comm. 91 (1995) pp. 43-56
-------- -------- --- Thank You --- -------- --------


++++ PLEASE CITE THE DOI FOR THIS VERSION OF GROMACS ++++
https://doi.org/10.5281/zenodo.3562495
-------- -------- --- Thank You --- -------- --------

Input Parameters:
   integrator                     = md
   tinit                          = 0
   dt                             = 0.002
   nsteps                         = 10000
   init-step                      = 0
   simulation-part                = 1
   comm-mode                      = Linear
   nstcomm                        = 100
   bd-fric                        = 0
   ld-seed                        = 1993
   emtol                          = 1e-06
   emstep                         = 0.01
   niter                          = 100
   fcstep                         = 0
   nstcgsteep                     = 1000
   nbfgscorr                      = 10
   rtpi                           = 0.05
   nstxout                        = 5000
   nstvout                        = 5000
   nstfout                        = 0
   nstlog                         = 100
   nstcalcenergy                  = 100
   nstenergy                      = 100
   nstxout-compressed             = 100
   compressed-x-precision         = 1000
   cutoff-scheme                  = Verlet
   nstlist                        = 10
   pbc                            = xyz
   periodic-molecules             = false
   verlet-buffer-tolerance        = 0.005
   rlist                          = 1
   coulombtype                    = PME
   coulomb-modifier               = Potential-shift
   rcoulomb-switch                = 0
   rcoulomb                       = 1
   epsilon-r                      = 1
   epsilon-rf                     = inf
   vdw-type                       = Cut-off
   vdw-modifier                   = Potential-shift
   rvdw-switch                    = 0
   rvdw                           = 1
   DispCorr                       = No
   table-extension                = 1
   fourierspacing                 = 0.12
   fourier-nx                     = 40
   fourier-ny                     = 32
   fourier-nz                     = 42
   pme-order                      = 4
   ewald-rtol                     = 1e-05
   ewald-rtol-lj                  = 0.001
   lj-pme-comb-rule               = Geometric
   ewald-geometry                 = 0
   epsilon-surface                = 0
   tcoupl                         = Berendsen
   nsttcouple                     = 10
   nh-chain-length                = 0
   print-nose-hoover-chain-variables = false
   pcoupl                         = Berendsen
   pcoupltype                     = Isotropic
   nstpcouple                     = 10
   tau-p                          = 1
   compressibility (3x3):
      compressibility[    0]={ 4.50000e-05,  0.00000e+00,  0.00000e+00}
      compressibility[    1]={ 0.00000e+00,  4.50000e-05,  0.00000e+00}
      compressibility[    2]={ 0.00000e+00,  0.00000e+00,  4.50000e-05}
   ref-p (3x3):
      ref-p[    0]={ 1.00000e+00,  0.00000e+00,  0.00000e+00}
      ref-p[    1]={ 0.00000e+00,  1.00000e+00,  0.00000e+00}
      ref-p[    2]={ 0.00000e+00,  0.00000e+00,  1.00000e+00}
   refcoord-scaling               = No
   posres-com (3):
      posres-com[0]= 0.00000e+00
      posres-com[1]= 0.00000e+00
      posres-com[2]= 0.00000e+00
   posres-comB (3):
      posres-comB[0]= 0.00000e+00
      posres-comB[1]= 0.00000e+00
      posres-comB[2]= 0.00000e+00
   QMMM                           = false
   QMconstraints                  = 0
   QMMMscheme                     = 0
   MMChargeScaleFactor            = 1
qm-opts:
   ngQM                           = 0
   constraint-algorithm           = Lincs
   continuation                   = false
   Shake-SOR                      = false
   shake-tol                      = 0.0001
   lincs-order                    = 4
   lincs-iter                     = 1
   lincs-warnangle                = 30
   nwall                          = 0
   wall-type                      = 9-3
   wall-r-linpot                  = -1
   wall-atomtype[0]               = -1
   wall-atomtype[1]               = -1
   wall-density[0]                = 0
   wall-density[1]                = 0
   wall-ewald-zfac                = 3
   pull                           = false
   awh                            = false
   rotation                       = false
   interactiveMD                  = false
   disre                          = No
   disre-weighting                = Equal
   disre-mixed                    = false
   dr-fc                          = 1000
   dr-tau                         = 1.25
   nstdisreout                    = 100
   orire-fc                       = 0
   orire-tau                      = 0
   nstorireout                    = 100
   free-energy                    = no
   cos-acceleration               = 0
   deform (3x3):
      deform[    0]={ 0.00000e+00,  0.00000e+00,  0.00000e+00}
      deform[    1]={ 0.00000e+00,  0.00000e+00,  0.00000e+00}
      deform[    2]={ 0.00000e+00,  0.00000e+00,  0.00000e+00}
   simulated-tempering            = false
   swapcoords                     = no
   userint1                       = 0
   userint2                       = 0
   userint3                       = 0
   userint4                       = 0
   userreal1                      = 0
   userreal2                      = 0
   userreal3                      = 0
   userreal4                      = 0
   applied-forces:
     electric-field:
       x:
         E0                       = 0
         omega                    = 0
         t0                       = 0
         sigma                    = 0
       y:
         E0                       = 0
         omega                    = 0
         t0                       = 0
         sigma                    = 0
       z:
         E0                       = 0
         omega                    = 0
         t0                       = 0
         sigma                    = 0
     density-guided-simulation:
       active                     = false
       group                      = protein
       similarity-measure         = inner-product
       atom-spreading-weight      = unity
       force-constant             = 1e+09
       gaussian-transform-spreading-width = 0.2
       gaussian-transform-spreading-range-in-multiples-of-width = 4
       reference-density-filename = reference.mrc
       nst                        = 1
       normalize-densities        = true
       adaptive-force-scaling     = false
       adaptive-force-scaling-time-constant = 4
grpopts:
   nrdf:     1703.66     13215.3     11.9976
   ref-t:         300         300         300
   tau-t:         0.1         0.1         0.1
annealing:          No          No          No
annealing-npoints:           0           0           0
   acc:	           0           0           0
   nfreeze:           N           N           N
   energygrp-flags[  0]: 0

Changing nstlist from 10 to 50, rlist from 1 to 1.106

Using 1 MPI thread

Non-default thread affinity set, disabling internal thread affinity

Using 4 OpenMP threads 

System total charge: -0.000
Will do PME sum in reciprocal space for electrostatic interactions.

++++ PLEASE READ AND CITE THE FOLLOWING REFERENCE ++++
U. Essmann, L. Perera, M. L. Berkowitz, T. Darden, H. Lee and L. G. Pedersen 
A smooth particle mesh Ewald method
J. Chem. Phys. 103 (1995) pp. 8577-8592
-------- -------- --- Thank You --- -------- --------

Using a Gaussian width (1/beta) of 0.320163 nm for Ewald
Potential shift: LJ r^-12: -1.000e+00 r^-6: -1.000e+00, Ewald -1.000e-05
Initialized non-bonded Coulomb Ewald tables, spacing: 9.33e-04 size: 1073

Generated table with 1053 data points for 1-4 COUL.
Tabscale = 500 points/nm
Generated table with 1053 data points for 1-4 LJ6.
Tabscale = 500 points/nm
Generated table with 1053 data points for 1-4 LJ12.
Tabscale = 500 points/nm

Using SIMD 4x8 nonbonded short-range kernels

Using a dual 4x8 pair-list setup updated with dynamic pruning:
  outer list: updated every 50 steps, buffer 0.106 nm, rlist 1.106 nm
  inner list: updated every 13 steps, buffer 0.002 nm, rlist 1.002 nm
At tolerance 0.005 kJ/mol/ps per atom, equivalent classical 1x1 list would be:
  outer list: updated every 50 steps, buffer 0.236 nm, rlist 1.236 nm
  inner list: updated every 13 steps, buffer 0.051 nm, rlist 1.051 nm

Using geometric Lennard-Jones combination rule

Removing pbc first time

Initializing LINear Constraint Solver

++++ PLEASE READ AND CITE THE FOLLOWING REFERENCE ++++
B. Hess and H. Bekker and H. J. C. Berendsen and J. G. E. M. Fraaije
LINCS: A Linear Constraint Solver for molecular simulations
J. Comp. Chem. 18 (1997) pp. 1463-1472
-------- -------- --- Thank You --- -------- --------

The number of constraints is 861

++++ PLEASE READ AND CITE THE FOLLOWING REFERENCE ++++
S. Miyamoto and P. A. Kollman
SETTLE: An Analytical Version of the SHAKE and RATTLE Algorithms for Rigid
Water Models
J. Comp. Chem. 13 (1992) pp. 952-962
-------- -------- --- Thank You --- -------- --------


++++ PLEASE READ AND CITE THE FOLLOWING REFERENCE ++++
H. J. C. Berendsen, J. P. M. Postma, A. DiNola and J. R. Haak
Molecular dynamics with coupling to an external bath
J. Chem. Phys. 81 (1984) pp. 3684-3690
-------- -------- --- Thank You --- -------- --------

There are: 7468 Atoms

Constraining the starting coordinates (step 0)

Constraining the coordinates at t0-dt (step 0)
Center of mass motion removal mode is Linear
We have the following groups for center of mass motion removal:
  0:  rest
RMS relative constraint deviation after constraining: 3.31e-05
Initial temperature: 303.08 K

Started mdrun on rank 0 Sat Oct 31 20:42:25 2020

           Step           Time
              0        0.00000

   Energies (kJ/mol)
          Angle    Proper Dih. Ryckaert-Bell.          LJ-14     Coulomb-14
    5.22608e+02    5.61744e+01    7.59625e+02    1.25988e+03    8.10836e+03
        LJ (SR)   Coulomb (SR)   Coul. recip.      Potential    Kinetic En.
    1.68905e+04   -1.33748e+05    2.18549e+03   -1.03965e+05    1.88655e+04
   Total Energy  Conserved En.    Temperature Pressure (bar)   Constr. rmsd
   -8.50998e+04   -8.51061e+04    3.03931e+02    7.76962e+02    3.24041e-05

           Step           Time
            100        0.20000

   Energies (kJ/mol)
          Angle    Proper Dih. Ryckaert-Bell.          LJ-14     Coulomb-14
    1.39350e+03    9.96600e+01    8.44558e+02    1.26987e+03    8.08542e+03
        LJ (SR)   Coulomb (SR)   Coul. recip.      Potential    Kinetic En.
    1.35381e+04   -1.29170e+05    8.87380e+02   -1.03051e+05    1.89351e+04
   Total Energy  Conserved En.    Temperature Pressure (bar)   Constr. rmsd
   -8.41163e+04   -8.49372e+04    3.05052e+02   -4.55846e+02    2.79729e-05

           Step           Time
            200        0.40000

   Energies (kJ/mol)
          Angle    Proper Dih. Ryckaert-Bell.          LJ-14     Coulomb-14
    1.63597e+03    8.84042e+01    8.33827e+02    1.25952e+03    8.10867e+03
        LJ (SR)   Coulomb (SR)   Coul. recip.      Potential    Kinetic En.
    1.37205e+04   -1.29770e+05    8.34408e+02   -1.03289e+05    1.88557e+04
   Total Energy  Conserved En.    Temperature Pressure (bar)   Constr. rmsd
   -8.44329e+04   -8.49288e+04    3.03773e+02   -3.63006e+02    2.86396e-05

           Step           Time
            300        0.60000

   Energies (kJ/mol)
          Angle    Proper Dih. Ryckaert-Bell.          LJ-14     Coulomb-14
    1.33819e+03    9.06820e+01    8.74264e+02    1.35882e+03    8.19554e+03
        LJ (SR)   Coulomb (SR)   Coul. recip.      Potential    Kinetic En.
    1.35949e+04   -1.30105e+05    8.25032e+02   -1.03827e+05    1.88615e+04
   Total Energy  Conserved En.    Temperature Pressure (bar)   Constr. rmsd
   -8.49657e+04   -8.49406e+04    3.03867e+02    5.87883e+01    2.36871e-05

           Step           Time
            400        0.80000

   Energies (kJ/mol)
          Angle    Proper Dih. Ryckaert-Bell.          LJ-14     Coulomb-14
    1.49735e+03    1.19619e+02    8.88310e+02    1.32055e+03    8.13822e+03
        LJ (SR)   Coulomb (SR)   Coul. recip.      Potential    Kinetic En.
    1.36580e+04   -1.30774e+05    7.89339e+02   -1.04363e+05    1.88285e+04
   Total Energy  Conserved En.    Temperature Pressure (bar)   Constr. rmsd
   -8.55342e+04   -8.49241e+04    3.03335e+02   -3.25697e+02    2.41882e-05

           Step           Time
            500        1.00000

   Energies (kJ/mol)
          Angle    Proper Dih. Ryckaert-Bell.          LJ-14     Coulomb-14
    1.47789e+03    8.80696e+01    9.33609e+02    1.30516e+03    8.17825e+03
        LJ (SR)   Coulomb (SR)   Coul. recip.      Potential    Kinetic En.
    1.41655e+04   -1.31517e+05    7.41088e+02   -1.04627e+05    1.89339e+04
   Total Energy  Conserved En.    Temperature Pressure (bar)   Constr. rmsd
   -8.56936e+04   -8.49361e+04    3.05033e+02   -8.65900e+01    2.53480e-05

           Step           Time
            600        1.20000

   Energies (kJ/mol)
          Angle    Proper Dih. Ryckaert-Bell.          LJ-14     Coulomb-14
    1.50497e+03    1.02378e+02    8.10584e+02    1.30401e+03    8.18005e+03
        LJ (SR)   Coulomb (SR)   Coul. recip.      Potential    Kinetic En.
    1.39484e+04   -1.31386e+05    7.29234e+02   -1.04806e+05    1.86993e+04
   Total Energy  Conserved En.    Temperature Pressure (bar)   Constr. rmsd
   -8.61070e+04   -8.49338e+04    3.01253e+02   -2.65332e+02    2.64375e-05

           Step           Time
            700        1.40000

   Energies (kJ/mol)
          Angle    Proper Dih. Ryckaert-Bell.          LJ-14     Coulomb-14
    1.56104e+03    1.04392e+02    8.22301e+02    1.36482e+03    8.16463e+03
        LJ (SR)   Coulomb (SR)   Coul. recip.      Potential    Kinetic En.
    1.42044e+04   -1.32009e+05    8.03604e+02   -1.04984e+05    1.85734e+04
   Total Energy  Conserved En.    Temperature Pressure (bar)   Constr. rmsd
   -8.64106e+04   -8.49245e+04    2.99225e+02    1.87426e+02    2.39273e-05

           Step           Time
            800        1.60000

   Energies (kJ/mol)
          Angle    Proper Dih. Ryckaert-Bell.          LJ-14     Coulomb-14
    1.51141e+03    1.07117e+02    8.52607e+02    1.33480e+03    8.20198e+03
        LJ (SR)   Coulomb (SR)   Coul. recip.      Potential    Kinetic En.
    1.46243e+04   -1.32617e+05    8.16016e+02   -1.05169e+05    1.85477e+04
   Total Energy  Conserved En.    Temperature Pressure (bar)   Constr. rmsd
   -8.66213e+04   -8.49347e+04    2.98812e+02    5.58527e+01    2.70001e-05

           Step           Time
            900        1.80000

   Energies (kJ/mol)
          Angle    Proper Dih. Ryckaert-Bell.          LJ-14     Coulomb-14
    1.56567e+03    1.06140e+02    8.78033e+02    1.35598e+03    8.22184e+03
        LJ (SR)   Coulomb (SR)   Coul. recip.      Potential    Kinetic En.
    1.43297e+04   -1.32597e+05    7.10923e+02   -1.05428e+05    1.87142e+04
   Total Energy  Conserved En.    Temperature Pressure (bar)   Constr. rmsd
   -8.67141e+04   -8.49268e+04    3.01494e+02    9.47818e+01    2.42112e-05

           Step           Time
           1000        2.00000

   Energies (kJ/mol)
          Angle    Proper Dih. Ryckaert-Bell.          LJ-14     Coulomb-14
    1.60455e+03    1.09020e+02    8.27610e+02    1.34825e+03    8.20770e+03
        LJ (SR)   Coulomb (SR)   Coul. recip.      Potential    Kinetic En.
    1.46983e+04   -1.32907e+05    7.90750e+02   -1.05321e+05    1.84212e+04
   Total Energy  Conserved En.    Temperature Pressure (bar)   Constr. rmsd
   -8.68994e+04   -8.49364e+04    2.96773e+02    3.48885e+02    2.41613e-05

           Step           Time
           1100        2.20000

   Energies (kJ/mol)
          Angle    Proper Dih. Ryckaert-Bell.          LJ-14     Coulomb-14
    1.61722e+03    9.87764e+01    8.65089e+02    1.34622e+03    8.20033e+03
        LJ (SR)   Coulomb (SR)   Coul. recip.      Potential    Kinetic En.
    1.39441e+04   -1.32370e+05    7.33039e+02   -1.05565e+05    1.85580e+04
   Total Energy  Conserved En.    Temperature Pressure (bar)   Constr. rmsd
   -8.70073e+04   -8.49188e+04    2.98978e+02   -2.54694e+02    2.44117e-05

           Step           Time
           1200        2.40000

   Energies (kJ/mol)
          Angle    Proper Dih. Ryckaert-Bell.          LJ-14     Coulomb-14
    1.52732e+03    9.85903e+01    8.83435e+02    1.26405e+03    8.12943e+03
        LJ (SR)   Coulomb (SR)   Coul. recip.      Potential    Kinetic En.
    1.37544e+04   -1.32270e+05    7.52682e+02   -1.05860e+05    1.88089e+04
   Total Energy  Conserved En.    Temperature Pressure (bar)   Constr. rmsd
   -8.70512e+04   -8.49235e+04    3.03019e+02   -6.14943e+02    2.74205e-05

           Step           Time
           1300        2.60000

   Energies (kJ/mol)
          Angle    Proper Dih. Ryckaert-Bell.          LJ-14     Coulomb-14
    1.57185e+03    1.33496e+02    8.47954e+02    1.27571e+03    8.16054e+03
        LJ (SR)   Coulomb (SR)   Coul. recip.      Potential    Kinetic En.
    1.45626e+04   -1.33147e+05    7.35538e+02   -1.05859e+05    1.85142e+04
   Total Energy  Conserved En.    Temperature Pressure (bar)   Constr. rmsd
   -8.73451e+04   -8.49314e+04    2.98271e+02   -6.04483e+01    2.73557e-05

           Step           Time
           1400        2.80000

   Energies (kJ/mol)
          Angle    Proper Dih. Ryckaert-Bell.          LJ-14     Coulomb-14
    1.61147e+03    1.10446e+02    9.11641e+02    1.30553e+03    8.17772e+03
        LJ (SR)   Coulomb (SR)   Coul. recip.      Potential    Kinetic En.
    1.42048e+04   -1.33014e+05    7.52682e+02   -1.05940e+05    1.85722e+04
   Total Energy  Conserved En.    Temperature Pressure (bar)   Constr. rmsd
   -8.73680e+04   -8.49259e+04    2.99206e+02   -6.01319e+01    2.34735e-05

           Step           Time
           1500        3.00000

   Energies (kJ/mol)
          Angle    Proper Dih. Ryckaert-Bell.          LJ-14     Coulomb-14
    1.60516e+03    1.29565e+02    8.47217e+02    1.32430e+03    8.15837e+03
        LJ (SR)   Coulomb (SR)   Coul. recip.      Potential    Kinetic En.
    1.44403e+04   -1.33165e+05    7.25517e+02   -1.05935e+05    1.84781e+04
   Total Energy  Conserved En.    Temperature Pressure (bar)   Constr. rmsd
   -8.74569e+04   -8.49257e+04    2.97690e+02    1.75518e+01    2.53579e-05

           Step           Time
           1600        3.20000

   Energies (kJ/mol)
          Angle    Proper Dih. Ryckaert-Bell.          LJ-14     Coulomb-14
    1.51777e+03    9.90087e+01    8.67609e+02    1.33947e+03    8.24719e+03
        LJ (SR)   Coulomb (SR)   Coul. recip.      Potential    Kinetic En.
    1.45417e+04   -1.33354e+05    7.26349e+02   -1.06015e+05    1.86720e+04
   Total Energy  Conserved En.    Temperature Pressure (bar)   Constr. rmsd
   -8.73434e+04   -8.49299e+04    3.00814e+02    4.20481e+02    2.24784e-05

           Step           Time
           1700        3.40000

   Energies (kJ/mol)
          Angle    Proper Dih. Ryckaert-Bell.          LJ-14     Coulomb-14
    1.59254e+03    1.10082e+02    8.72969e+02    1.25353e+03    8.18225e+03
        LJ (SR)   Coulomb (SR)   Coul. recip.      Potential    Kinetic En.
    1.45454e+04   -1.32954e+05    7.41535e+02   -1.05655e+05    1.84074e+04
   Total Energy  Conserved En.    Temperature Pressure (bar)   Constr. rmsd
   -8.72479e+04   -8.49279e+04    2.96550e+02   -1.67093e+02    2.85692e-05

           Step           Time
           1800        3.60000

   Energies (kJ/mol)
          Angle    Proper Dih. Ryckaert-Bell.          LJ-14     Coulomb-14
    1.70123e+03    1.00371e+02    8.28016e+02    1.29129e+03    8.21684e+03
        LJ (SR)   Coulomb (SR)   Coul. recip.      Potential    Kinetic En.
    1.44053e+04   -1.33045e+05    7.37322e+02   -1.05765e+05    1.87526e+04
   Total Energy  Conserved En.    Temperature Pressure (bar)   Constr. rmsd
   -8.70119e+04   -8.49336e+04    3.02113e+02   -2.26066e+02    2.80222e-05

           Step           Time
           1900        3.80000

   Energies (kJ/mol)
          Angle    Proper Dih. Ryckaert-Bell.          LJ-14     Coulomb-14
    1.58766e+03    9.78890e+01    8.56002e+02    1.29511e+03    8.21673e+03
        LJ (SR)   Coulomb (SR)   Coul. recip.      Potential    Kinetic En.
    1.45336e+04   -1.33041e+05    7.50325e+02   -1.05703e+05    1.86477e+04
   Total Energy  Conserved En.    Temperature Pressure (bar)   Constr. rmsd
   -8.70557e+04   -8.49344e+04    3.00423e+02    1.91625e+01    2.55444e-05

           Step           Time
           2000        4.00000

   Energies (kJ/mol)
          Angle    Proper Dih. Ryckaert-Bell.          LJ-14     Coulomb-14
    1.73210e+03    8.81231e+01    7.86448e+02    1.32476e+03    8.16302e+03
        LJ (SR)   Coulomb (SR)   Coul. recip.      Potential    Kinetic En.
    1.37391e+04   -1.32272e+05    7.24945e+02   -1.05713e+05    1.85772e+04
   Total Energy  Conserved En.    Temperature Pressure (bar)   Constr. rmsd
   -8.71361e+04   -8.49256e+04    2.99287e+02   -1.36340e+02    2.41686e-05

           Step           Time
           2100        4.20000

   Energies (kJ/mol)
          Angle    Proper Dih. Ryckaert-Bell.          LJ-14     Coulomb-14
    1.59275e+03    9.45263e+01    7.84146e+02    1.26555e+03    8.14440e+03
        LJ (SR)   Coulomb (SR)   Coul. recip.      Potential    Kinetic En.
    1.46257e+04   -1.33188e+05    7.36326e+02   -1.05945e+05    1.87338e+04
   Total Energy  Conserved En.    Temperature Pressure (bar)   Constr. rmsd
   -8.72109e+04   -8.49391e+04    3.01809e+02    3.80479e+02    2.62838e-05

           Step           Time
           2200        4.40000

   Energies (kJ/mol)
          Angle    Proper Dih. Ryckaert-Bell.          LJ-14     Coulomb-14
    1.67835e+03    1.02318e+02    8.10689e+02    1.26951e+03    8.21745e+03
        LJ (SR)   Coulomb (SR)   Coul. recip.      Potential    Kinetic En.
    1.46221e+04   -1.33647e+05    7.61029e+02   -1.06186e+05    1.89678e+04
   Total Energy  Conserved En.    Temperature Pressure (bar)   Constr. rmsd
   -8.72179e+04   -8.49411e+04    3.05580e+02    2.05036e+02    2.72202e-05

           Step           Time
           2300        4.60000

   Energies (kJ/mol)
          Angle    Proper Dih. Ryckaert-Bell.          LJ-14     Coulomb-14
    1.66378e+03    9.52119e+01    8.13766e+02    1.28322e+03    8.19507e+03
        LJ (SR)   Coulomb (SR)   Coul. recip.      Potential    Kinetic En.
    1.38076e+04   -1.32164e+05    7.54440e+02   -1.05551e+05    1.81879e+04
   Total Energy  Conserved En.    Temperature Pressure (bar)   Constr. rmsd
   -8.73630e+04   -8.49231e+04    2.93015e+02   -4.30290e+02    2.80878e-05

           Step           Time
           2400        4.80000

   Energies (kJ/mol)
          Angle    Proper Dih. Ryckaert-Bell.          LJ-14     Coulomb-14
    1.59550e+03    9.65339e+01    8.22026e+02    1.31136e+03    8.18696e+03
        LJ (SR)   Coulomb (SR)   Coul. recip.      Potential    Kinetic En.
    1.41074e+04   -1.32788e+05    7.75163e+02   -1.05894e+05    1.87085e+04
   Total Energy  Conserved En.    Temperature Pressure (bar)   Constr. rmsd
   -8.71850e+04   -8.49420e+04    3.01402e+02   -7.73055e+01    2.35654e-05

           Step           Time
           2500        5.00000

   Energies (kJ/mol)
          Angle    Proper Dih. Ryckaert-Bell.          LJ-14     Coulomb-14
    1.67987e+03    9.26604e+01    8.03019e+02    1.25727e+03    8.17716e+03
        LJ (SR)   Coulomb (SR)   Coul. recip.      Potential    Kinetic En.
    1.41871e+04   -1.32685e+05    7.02883e+02   -1.05785e+05    1.86018e+04
   Total Energy  Conserved En.    Temperature Pressure (bar)   Constr. rmsd
   -8.71829e+04   -8.49334e+04    2.99682e+02   -3.73766e+02    2.81793e-05

           Step           Time
           2600        5.20000

   Energies (kJ/mol)
          Angle    Proper Dih. Ryckaert-Bell.          LJ-14     Coulomb-14
    1.58764e+03    1.17415e+02    7.70066e+02    1.29958e+03    8.12600e+03
        LJ (SR)   Coulomb (SR)   Coul. recip.      Potential    Kinetic En.
    1.42194e+04   -1.32612e+05    7.69224e+02   -1.05723e+05    1.86729e+04
   Total Energy  Conserved En.    Temperature Pressure (bar)   Constr. rmsd
   -8.70496e+04   -8.49354e+04    3.00829e+02   -3.06848e+02    2.69386e-05

           Step           Time
           2700        5.40000

   Energies (kJ/mol)
          Angle    Proper Dih. Ryckaert-Bell.          LJ-14     Coulomb-14
    1.53136e+03    9.39916e+01    8.00747e+02    1.29750e+03    8.16647e+03
        LJ (SR)   Coulomb (SR)   Coul. recip.      Potential    Kinetic En.
    1.43744e+04   -1.32804e+05    7.94072e+02   -1.05745e+05    1.87515e+04
   Total Energy  Conserved En.    Temperature Pressure (bar)   Constr. rmsd
   -8.69936e+04   -8.49411e+04    3.02094e+02    1.91981e+02    2.48631e-05

           Step           Time
           2800        5.60000

   Energies (kJ/mol)
          Angle    Proper Dih. Ryckaert-Bell.          LJ-14     Coulomb-14
    1.55415e+03    8.40902e+01    8.50576e+02    1.36032e+03    8.22012e+03
        LJ (SR)   Coulomb (SR)   Coul. recip.      Potential    Kinetic En.
    1.38725e+04   -1.32347e+05    7.28443e+02   -1.05677e+05    1.86783e+04
   Total Energy  Conserved En.    Temperature Pressure (bar)   Constr. rmsd
   -8.69982e+04   -8.49344e+04    3.00916e+02   -1.26708e+02    2.59160e-05

           Step           Time
           2900        5.80000

   Energies (kJ/mol)
          Angle    Proper Dih. Ryckaert-Bell.          LJ-14     Coulomb-14
    1.57243e+03    1.15328e+02    7.88660e+02    1.30298e+03    8.15613e+03
        LJ (SR)   Coulomb (SR)   Coul. recip.      Potential    Kinetic En.
    1.48617e+04   -1.33510e+05    7.47140e+02   -1.05966e+05    1.88819e+04
   Total Energy  Conserved En.    Temperature Pressure (bar)   Constr. rmsd
   -8.70840e+04   -8.49467e+04    3.04195e+02    3.10384e+02    2.63161e-05

           Step           Time
           3000        6.00000

   Energies (kJ/mol)
          Angle    Proper Dih. Ryckaert-Bell.          LJ-14     Coulomb-14
    1.50326e+03    1.29339e+02    7.86060e+02    1.32592e+03    8.20581e+03
        LJ (SR)   Coulomb (SR)   Coul. recip.      Potential    Kinetic En.
    1.43221e+04   -1.32906e+05    7.55185e+02   -1.05879e+05    1.86846e+04
   Total Energy  Conserved En.    Temperature Pressure (bar)   Constr. rmsd
   -8.71940e+04   -8.49504e+04    3.01017e+02    1.85568e+02    2.44114e-05

           Step           Time
           3100        6.20000

   Energies (kJ/mol)
          Angle    Proper Dih. Ryckaert-Bell.          LJ-14     Coulomb-14
    1.55171e+03    1.24133e+02    8.13392e+02    1.32731e+03    8.22970e+03
        LJ (SR)   Coulomb (SR)   Coul. recip.      Potential    Kinetic En.
    1.47333e+04   -1.33552e+05    7.54000e+02   -1.06018e+05    1.87177e+04
   Total Energy  Conserved En.    Temperature Pressure (bar)   Constr. rmsd
   -8.73006e+04   -8.49408e+04    3.01550e+02    2.34419e+02    2.49401e-05

           Step           Time
           3200        6.40000

   Energies (kJ/mol)
          Angle    Proper Dih. Ryckaert-Bell.          LJ-14     Coulomb-14
    1.57721e+03    1.10191e+02    8.40509e+02    1.32552e+03    8.22003e+03
        LJ (SR)   Coulomb (SR)   Coul. recip.      Potential    Kinetic En.
    1.46361e+04   -1.33427e+05    7.56967e+02   -1.05960e+05    1.85921e+04
   Total Energy  Conserved En.    Temperature Pressure (bar)   Constr. rmsd
   -8.73680e+04   -8.49430e+04    2.99527e+02    2.06341e+02    2.57870e-05

           Step           Time
           3300        6.60000

   Energies (kJ/mol)
          Angle    Proper Dih. Ryckaert-Bell.          LJ-14     Coulomb-14
    1.65765e+03    1.06768e+02    7.53305e+02    1.32952e+03    8.18407e+03
        LJ (SR)   Coulomb (SR)   Coul. recip.      Potential    Kinetic En.
    1.40412e+04   -1.32422e+05    7.48813e+02   -1.05600e+05    1.84371e+04
   Total Energy  Conserved En.    Temperature Pressure (bar)   Constr. rmsd
   -8.71633e+04   -8.49448e+04    2.97030e+02    7.48657e-01    2.64968e-05

           Step           Time
           3400        6.80000

   Energies (kJ/mol)
          Angle    Proper Dih. Ryckaert-Bell.          LJ-14     Coulomb-14
    1.60236e+03    1.05022e+02    8.55429e+02    1.32200e+03    8.19024e+03
        LJ (SR)   Coulomb (SR)   Coul. recip.      Potential    Kinetic En.
    1.40854e+04   -1.32542e+05    7.87828e+02   -1.05594e+05    1.84768e+04
   Total Energy  Conserved En.    Temperature Pressure (bar)   Constr. rmsd
   -8.71172e+04   -8.49438e+04    2.97670e+02   -2.45547e+02    2.67182e-05

           Step           Time
           3500        7.00000

   Energies (kJ/mol)
          Angle    Proper Dih. Ryckaert-Bell.          LJ-14     Coulomb-14
    1.57206e+03    1.04347e+02    8.30481e+02    1.33696e+03    8.20515e+03
        LJ (SR)   Coulomb (SR)   Coul. recip.      Potential    Kinetic En.
    1.41376e+04   -1.32585e+05    7.38257e+02   -1.05660e+05    1.85553e+04
   Total Energy  Conserved En.    Temperature Pressure (bar)   Constr. rmsd
   -8.71047e+04   -8.49463e+04    2.98933e+02    2.37568e+02    2.27794e-05

           Step           Time
           3600        7.20000

   Energies (kJ/mol)
          Angle    Proper Dih. Ryckaert-Bell.          LJ-14     Coulomb-14
    1.74041e+03    8.70886e+01    7.86336e+02    1.32671e+03    8.25932e+03
        LJ (SR)   Coulomb (SR)   Coul. recip.      Potential    Kinetic En.
    1.47040e+04   -1.33446e+05    7.38105e+02   -1.05804e+05    1.86835e+04
   Total Energy  Conserved En.    Temperature Pressure (bar)   Constr. rmsd
   -8.71203e+04   -8.49368e+04    3.00999e+02    2.87193e+02    2.38248e-05

           Step           Time
           3700        7.40000

   Energies (kJ/mol)
          Angle    Proper Dih. Ryckaert-Bell.          LJ-14     Coulomb-14
    1.60819e+03    9.24025e+01    8.36466e+02    1.35331e+03    8.20864e+03
        LJ (SR)   Coulomb (SR)   Coul. recip.      Potential    Kinetic En.
    1.42792e+04   -1.32974e+05    7.14740e+02   -1.05881e+05    1.86820e+04
   Total Energy  Conserved En.    Temperature Pressure (bar)   Constr. rmsd
   -8.71987e+04   -8.49459e+04    3.00975e+02    3.16832e+02    2.28651e-05

           Step           Time
           3800        7.60000

   Energies (kJ/mol)
          Angle    Proper Dih. Ryckaert-Bell.          LJ-14     Coulomb-14
    1.70618e+03    9.23790e+01    7.85914e+02    1.27779e+03    8.19140e+03
        LJ (SR)   Coulomb (SR)   Coul. recip.      Potential    Kinetic En.
    1.43817e+04   -1.33192e+05    7.65018e+02   -1.05992e+05    1.85233e+04
   Total Energy  Conserved En.    Temperature Pressure (bar)   Constr. rmsd
   -8.74685e+04   -8.49399e+04    2.98418e+02   -2.03042e+02    2.96393e-05

           Step           Time
           3900        7.80000

   Energies (kJ/mol)
          Angle    Proper Dih. Ryckaert-Bell.          LJ-14     Coulomb-14
    1.64179e+03    9.71879e+01    8.26077e+02    1.27378e+03    8.18616e+03
        LJ (SR)   Coulomb (SR)   Coul. recip.      Potential    Kinetic En.
    1.44871e+04   -1.33417e+05    7.56535e+02   -1.06148e+05    1.87651e+04
   Total Energy  Conserved En.    Temperature Pressure (bar)   Constr. rmsd
   -8.73831e+04   -8.49502e+04    3.02314e+02   -3.14448e+01    2.93392e-05

           Step           Time
           4000        8.00000

   Energies (kJ/mol)
          Angle    Proper Dih. Ryckaert-Bell.          LJ-14     Coulomb-14
    1.62050e+03    1.03957e+02    8.12864e+02    1.27656e+03    8.14261e+03
        LJ (SR)   Coulomb (SR)   Coul. recip.      Potential    Kinetic En.
    1.42034e+04   -1.32868e+05    7.44289e+02   -1.05964e+05    1.85726e+04
   Total Energy  Conserved En.    Temperature Pressure (bar)   Constr. rmsd
   -8.73911e+04   -8.49383e+04    2.99212e+02   -3.23968e+02    2.59168e-05

           Step           Time
           4100        8.20000

   Energies (kJ/mol)
          Angle    Proper Dih. Ryckaert-Bell.          LJ-14     Coulomb-14
    1.65358e+03    9.20535e+01    7.96665e+02    1.29098e+03    8.18093e+03
        LJ (SR)   Coulomb (SR)   Coul. recip.      Potential    Kinetic En.
    1.47193e+04   -1.33465e+05    7.24507e+02   -1.06007e+05    1.84305e+04
   Total Energy  Conserved En.    Temperature Pressure (bar)   Constr. rmsd
   -8.75769e+04   -8.49567e+04    2.96924e+02    4.74022e+02    2.57711e-05

           Step           Time
           4200        8.40000

   Energies (kJ/mol)
          Angle    Proper Dih. Ryckaert-Bell.          LJ-14     Coulomb-14
    1.61466e+03    9.57433e+01    7.97928e+02    1.32929e+03    8.15604e+03
        LJ (SR)   Coulomb (SR)   Coul. recip.      Potential    Kinetic En.
    1.42943e+04   -1.32926e+05    7.54908e+02   -1.05883e+05    1.86029e+04
   Total Energy  Conserved En.    Temperature Pressure (bar)   Constr. rmsd
   -8.72805e+04   -8.49554e+04    2.99700e+02    2.10348e+02    2.62529e-05

           Step           Time
           4300        8.60000

   Energies (kJ/mol)
          Angle    Proper Dih. Ryckaert-Bell.          LJ-14     Coulomb-14
    1.61890e+03    1.05631e+02    7.92304e+02    1.31814e+03    8.19351e+03
        LJ (SR)   Coulomb (SR)   Coul. recip.      Potential    Kinetic En.
    1.46186e+04   -1.33379e+05    7.46031e+02   -1.05985e+05    1.86990e+04
   Total Energy  Conserved En.    Temperature Pressure (bar)   Constr. rmsd
   -8.72865e+04   -8.49579e+04    3.01248e+02    3.55530e+01    2.94570e-05

           Step           Time
           4400        8.80000

   Energies (kJ/mol)
          Angle    Proper Dih. Ryckaert-Bell.          LJ-14     Coulomb-14
    1.59746e+03    1.11420e+02    7.69611e+02    1.32015e+03    8.22991e+03
        LJ (SR)   Coulomb (SR)   Coul. recip.      Potential    Kinetic En.
    1.37748e+04   -1.32367e+05    7.16160e+02   -1.05847e+05    1.84739e+04
   Total Energy  Conserved En.    Temperature Pressure (bar)   Constr. rmsd
   -8.73735e+04   -8.49516e+04    2.97622e+02   -5.11608e+01    2.42056e-05

           Step           Time
           4500        9.00000

   Energies (kJ/mol)
          Angle    Proper Dih. Ryckaert-Bell.          LJ-14     Coulomb-14
    1.62444e+03    1.24922e+02    7.91862e+02    1.33799e+03    8.21616e+03
        LJ (SR)   Coulomb (SR)   Coul. recip.      Potential    Kinetic En.
    1.44829e+04   -1.32956e+05    7.34260e+02   -1.05644e+05    1.85478e+04
   Total Energy  Conserved En.    Temperature Pressure (bar)   Constr. rmsd
   -8.70960e+04   -8.49535e+04    2.98813e+02    4.84789e+02    2.52004e-05

           Step           Time
           4600        9.20000

   Energies (kJ/mol)
          Angle    Proper Dih. Ryckaert-Bell.          LJ-14     Coulomb-14
    1.62992e+03    1.01630e+02    7.98466e+02    1.30840e+03    8.15335e+03
        LJ (SR)   Coulomb (SR)   Coul. recip.      Potential    Kinetic En.
    1.43260e+04   -1.32672e+05    7.48678e+02   -1.05606e+05    1.85392e+04
   Total Energy  Conserved En.    Temperature Pressure (bar)   Constr. rmsd
   -8.70663e+04   -8.49494e+04    2.98674e+02    3.09302e+02    2.55549e-05

           Step           Time
           4700        9.40000

   Energies (kJ/mol)
          Angle    Proper Dih. Ryckaert-Bell.          LJ-14     Coulomb-14
    1.68417e+03    1.05899e+02    8.08567e+02    1.29512e+03    8.15004e+03
        LJ (SR)   Coulomb (SR)   Coul. recip.      Potential    Kinetic En.
    1.45737e+04   -1.33123e+05    7.63278e+02   -1.05743e+05    1.86301e+04
   Total Energy  Conserved En.    Temperature Pressure (bar)   Constr. rmsd
   -8.71126e+04   -8.49500e+04    3.00138e+02   -2.06053e+01    3.01639e-05

           Step           Time
           4800        9.60000

   Energies (kJ/mol)
          Angle    Proper Dih. Ryckaert-Bell.          LJ-14     Coulomb-14
    1.67649e+03    1.06528e+02    8.07001e+02    1.28407e+03    8.17884e+03
        LJ (SR)   Coulomb (SR)   Coul. recip.      Potential    Kinetic En.
    1.45525e+04   -1.33127e+05    7.84492e+02   -1.05737e+05    1.86798e+04
   Total Energy  Conserved En.    Temperature Pressure (bar)   Constr. rmsd
   -8.70570e+04   -8.49498e+04    3.00939e+02   -9.30835e+01    2.99326e-05

           Step           Time
           4900        9.80000

   Energies (kJ/mol)
          Angle    Proper Dih. Ryckaert-Bell.          LJ-14     Coulomb-14
    1.71336e+03    1.16683e+02    7.76088e+02    1.30718e+03    8.20032e+03
        LJ (SR)   Coulomb (SR)   Coul. recip.      Potential    Kinetic En.
    1.41610e+04   -1.32588e+05    7.40719e+02   -1.05573e+05    1.86433e+04
   Total Energy  Conserved En.    Temperature Pressure (bar)   Constr. rmsd
   -8.69298e+04   -8.49522e+04    3.00351e+02   -4.25735e+02    2.94658e-05

           Step           Time
           5000       10.00000

   Energies (kJ/mol)
          Angle    Proper Dih. Ryckaert-Bell.          LJ-14     Coulomb-14
    1.57469e+03    1.10754e+02    8.27358e+02    1.36633e+03    8.18307e+03
        LJ (SR)   Coulomb (SR)   Coul. recip.      Potential    Kinetic En.
    1.45228e+04   -1.32970e+05    7.49522e+02   -1.05635e+05    1.86855e+04
   Total Energy  Conserved En.    Temperature Pressure (bar)   Constr. rmsd
   -8.69499e+04   -8.49635e+04    3.01032e+02    1.48069e+02    2.57760e-05

           Step           Time
           5100       10.20000

   Energies (kJ/mol)
          Angle    Proper Dih. Ryckaert-Bell.          LJ-14     Coulomb-14
    1.58482e+03    8.86471e+01    7.65409e+02    1.33032e+03    8.18760e+03
        LJ (SR)   Coulomb (SR)   Coul. recip.      Potential    Kinetic En.
    1.41237e+04   -1.32607e+05    7.25244e+02   -1.05801e+05    1.86714e+04
   Total Energy  Conserved En.    Temperature Pressure (bar)   Constr. rmsd
   -8.71295e+04   -8.49665e+04    3.00804e+02   -9.40018e-01    2.58007e-05

           Step           Time
           5200       10.40000

   Energies (kJ/mol)
          Angle    Proper Dih. Ryckaert-Bell.          LJ-14     Coulomb-14
    1.56393e+03    9.67491e+01    8.41979e+02    1.32074e+03    8.18638e+03
        LJ (SR)   Coulomb (SR)   Coul. recip.      Potential    Kinetic En.
    1.41860e+04   -1.32858e+05    7.26235e+02   -1.05936e+05    1.87518e+04
   Total Energy  Conserved En.    Temperature Pressure (bar)   Constr. rmsd
   -8.71841e+04   -8.49629e+04    3.02100e+02    7.53237e+01    2.50451e-05

           Step           Time
           5300       10.60000

   Energies (kJ/mol)
          Angle    Proper Dih. Ryckaert-Bell.          LJ-14     Coulomb-14
    1.68308e+03    9.63703e+01    7.90830e+02    1.29783e+03    8.20230e+03
        LJ (SR)   Coulomb (SR)   Coul. recip.      Potential    Kinetic En.
    1.42111e+04   -1.32884e+05    7.19053e+02   -1.05883e+05    1.86399e+04
   Total Energy  Conserved En.    Temperature Pressure (bar)   Constr. rmsd
   -8.72434e+04   -8.49570e+04    3.00297e+02   -3.24199e+02    2.77828e-05

           Step           Time
           5400       10.80000

   Energies (kJ/mol)
          Angle    Proper Dih. Ryckaert-Bell.          LJ-14     Coulomb-14
    1.66029e+03    1.02896e+02    8.05607e+02    1.32720e+03    8.20328e+03
        LJ (SR)   Coulomb (SR)   Coul. recip.      Potential    Kinetic En.
    1.41815e+04   -1.33009e+05    7.47157e+02   -1.05981e+05    1.87903e+04
   Total Energy  Conserved En.    Temperature Pressure (bar)   Constr. rmsd
   -8.71911e+04   -8.49606e+04    3.02720e+02   -3.12487e+02    2.76468e-05

           Step           Time
           5500       11.00000

   Energies (kJ/mol)
          Angle    Proper Dih. Ryckaert-Bell.          LJ-14     Coulomb-14
    1.69330e+03    9.62962e+01    7.55138e+02    1.32297e+03    8.17868e+03
        LJ (SR)   Coulomb (SR)   Coul. recip.      Potential    Kinetic En.
    1.41551e+04   -1.32483e+05    7.26715e+02   -1.05555e+05    1.86151e+04
   Total Energy  Conserved En.    Temperature Pressure (bar)   Constr. rmsd
   -8.69400e+04   -8.49670e+04    2.99897e+02    4.98908e+01    2.45154e-05

           Step           Time
           5600       11.20000

   Energies (kJ/mol)
          Angle    Proper Dih. Ryckaert-Bell.          LJ-14     Coulomb-14
    1.64194e+03    8.74657e+01    8.23998e+02    1.29307e+03    8.20397e+03
        LJ (SR)   Coulomb (SR)   Coul. recip.      Potential    Kinetic En.
    1.45749e+04   -1.32931e+05    7.36305e+02   -1.05569e+05    1.85065e+04
   Total Energy  Conserved En.    Temperature Pressure (bar)   Constr. rmsd
   -8.70626e+04   -8.49635e+04    2.98147e+02    1.83641e+02    2.74000e-05

           Step           Time
           5700       11.40000

   Energies (kJ/mol)
          Angle    Proper Dih. Ryckaert-Bell.          LJ-14     Coulomb-14
    1.57522e+03    9.79494e+01    8.24182e+02    1.31750e+03    8.16431e+03
        LJ (SR)   Coulomb (SR)   Coul. recip.      Potential    Kinetic En.
    1.37949e+04   -1.32596e+05    7.21885e+02   -1.06100e+05    1.90378e+04
   Total Energy  Conserved En.    Temperature Pressure (bar)   Constr. rmsd
   -8.70625e+04   -8.49723e+04    3.06706e+02   -3.64870e+02    2.50439e-05

           Step           Time
           5800       11.60000

   Energies (kJ/mol)
          Angle    Proper Dih. Ryckaert-Bell.          LJ-14     Coulomb-14
    1.52754e+03    1.08816e+02    8.39499e+02    1.36410e+03    8.17760e+03
        LJ (SR)   Coulomb (SR)   Coul. recip.      Potential    Kinetic En.
    1.43103e+04   -1.32774e+05    7.28174e+02   -1.05718e+05    1.84885e+04
   Total Energy  Conserved En.    Temperature Pressure (bar)   Constr. rmsd
   -8.72298e+04   -8.49770e+04    2.97858e+02    6.32513e+02    2.28450e-05

           Step           Time
           5900       11.80000

   Energies (kJ/mol)
          Angle    Proper Dih. Ryckaert-Bell.          LJ-14     Coulomb-14
    1.58267e+03    9.02845e+01    7.55721e+02    1.29062e+03    8.20606e+03
        LJ (SR)   Coulomb (SR)   Coul. recip.      Potential    Kinetic En.
    1.40855e+04   -1.32250e+05    7.47652e+02   -1.05492e+05    1.85712e+04
   Total Energy  Conserved En.    Temperature Pressure (bar)   Constr. rmsd
   -8.69205e+04   -8.49720e+04    2.99189e+02   -1.55091e+01    2.76402e-05

           Step           Time
           6000       12.00000

   Energies (kJ/mol)
          Angle    Proper Dih. Ryckaert-Bell.          LJ-14     Coulomb-14
    1.65040e+03    8.67888e+01    8.42088e+02    1.29865e+03    8.18295e+03
        LJ (SR)   Coulomb (SR)   Coul. recip.      Potential    Kinetic En.
    1.47775e+04   -1.33693e+05    7.16735e+02   -1.06138e+05    1.89189e+04
   Total Energy  Conserved En.    Temperature Pressure (bar)   Constr. rmsd
   -8.72192e+04   -8.49702e+04    3.04791e+02    5.04036e+02    2.36271e-05

           Step           Time
           6100       12.20000

   Energies (kJ/mol)
          Angle    Proper Dih. Ryckaert-Bell.          LJ-14     Coulomb-14
    1.60394e+03    9.34839e+01    8.40731e+02    1.27452e+03    8.21063e+03
        LJ (SR)   Coulomb (SR)   Coul. recip.      Potential    Kinetic En.
    1.42617e+04   -1.32865e+05    7.85311e+02   -1.05795e+05    1.85393e+04
   Total Energy  Conserved En.    Temperature Pressure (bar)   Constr. rmsd
   -8.72552e+04   -8.49679e+04    2.98676e+02   -1.14900e+02    2.66052e-05

           Step           Time
           6200       12.40000

   Energies (kJ/mol)
          Angle    Proper Dih. Ryckaert-Bell.          LJ-14     Coulomb-14
    1.60714e+03    1.09331e+02    8.19593e+02    1.32756e+03    8.17940e+03
        LJ (SR)   Coulomb (SR)   Coul. recip.      Potential    Kinetic En.
    1.44247e+04   -1.33081e+05    7.86036e+02   -1.05827e+05    1.87035e+04
   Total Energy  Conserved En.    Temperature Pressure (bar)   Constr. rmsd
   -8.71236e+04   -8.49740e+04    3.01321e+02    2.20582e+02    2.46957e-05

           Step           Time
           6300       12.60000

   Energies (kJ/mol)
          Angle    Proper Dih. Ryckaert-Bell.          LJ-14     Coulomb-14
    1.63646e+03    1.09894e+02    8.10809e+02    1.27575e+03    8.20214e+03
        LJ (SR)   Coulomb (SR)   Coul. recip.      Potential    Kinetic En.
    1.36771e+04   -1.32586e+05    7.79031e+02   -1.06095e+05    1.88466e+04
   Total Energy  Conserved En.    Temperature Pressure (bar)   Constr. rmsd
   -8.72480e+04   -8.49621e+04    3.03627e+02   -7.59243e+02    2.89591e-05

           Step           Time
           6400       12.80000

   Energies (kJ/mol)
          Angle    Proper Dih. Ryckaert-Bell.          LJ-14     Coulomb-14
    1.56161e+03    9.58285e+01    7.86410e+02    1.33730e+03    8.18392e+03
        LJ (SR)   Coulomb (SR)   Coul. recip.      Potential    Kinetic En.
    1.44756e+04   -1.33381e+05    7.36071e+02   -1.06204e+05    1.88659e+04
   Total Energy  Conserved En.    Temperature Pressure (bar)   Constr. rmsd
   -8.73384e+04   -8.49767e+04    3.03937e+02    1.80645e+02    2.50609e-05

           Step           Time
           6500       13.00000

   Energies (kJ/mol)
          Angle    Proper Dih. Ryckaert-Bell.          LJ-14     Coulomb-14
    1.72070e+03    9.05194e+01    7.95276e+02    1.29806e+03    8.19694e+03
        LJ (SR)   Coulomb (SR)   Coul. recip.      Potential    Kinetic En.
    1.43619e+04   -1.33000e+05    7.43700e+02   -1.05793e+05    1.83547e+04
   Total Energy  Conserved En.    Temperature Pressure (bar)   Constr. rmsd
   -8.74385e+04   -8.49641e+04    2.95701e+02   -1.27921e+02    2.74666e-05

           Step           Time
           6600       13.20000

   Energies (kJ/mol)
          Angle    Proper Dih. Ryckaert-Bell.          LJ-14     Coulomb-14
    1.55532e+03    9.18073e+01    8.51060e+02    1.32410e+03    8.17347e+03
        LJ (SR)   Coulomb (SR)   Coul. recip.      Potential    Kinetic En.
    1.46384e+04   -1.33333e+05    7.54717e+02   -1.05944e+05    1.84913e+04
   Total Energy  Conserved En.    Temperature Pressure (bar)   Constr. rmsd
   -8.74524e+04   -8.49805e+04    2.97903e+02    3.71826e+02    2.39370e-05

           Step           Time
           6700       13.40000

   Energies (kJ/mol)
          Angle    Proper Dih. Ryckaert-Bell.          LJ-14     Coulomb-14
    1.62011e+03    8.81195e+01    8.23467e+02    1.32072e+03    8.20666e+03
        LJ (SR)   Coulomb (SR)   Coul. recip.      Potential    Kinetic En.
    1.45976e+04   -1.33676e+05    7.40759e+02   -1.06279e+05    1.89092e+04
   Total Energy  Conserved En.    Temperature Pressure (bar)   Constr. rmsd
   -8.73694e+04   -8.49749e+04    3.04635e+02   -2.67028e+02    2.92610e-05

           Step           Time
           6800       13.60000

   Energies (kJ/mol)
          Angle    Proper Dih. Ryckaert-Bell.          LJ-14     Coulomb-14
    1.63610e+03    1.05415e+02    8.29075e+02    1.30204e+03    8.20124e+03
        LJ (SR)   Coulomb (SR)   Coul. recip.      Potential    Kinetic En.
    1.43868e+04   -1.33253e+05    6.89174e+02   -1.06103e+05    1.86954e+04
   Total Energy  Conserved En.    Temperature Pressure (bar)   Constr. rmsd
   -8.74076e+04   -8.49756e+04    3.01192e+02   -7.00852e+00    2.58839e-05

           Step           Time
           6900       13.80000

   Energies (kJ/mol)
          Angle    Proper Dih. Ryckaert-Bell.          LJ-14     Coulomb-14
    1.71624e+03    8.60398e+01    8.13686e+02    1.34074e+03    8.20626e+03
        LJ (SR)   Coulomb (SR)   Coul. recip.      Potential    Kinetic En.
    1.40056e+04   -1.32827e+05    7.64909e+02   -1.05894e+05    1.85508e+04
   Total Energy  Conserved En.    Temperature Pressure (bar)   Constr. rmsd
   -8.73427e+04   -8.49676e+04    2.98862e+02   -4.31659e+01    2.31081e-05

           Step           Time
           7000       14.00000

   Energies (kJ/mol)
          Angle    Proper Dih. Ryckaert-Bell.          LJ-14     Coulomb-14
    1.63882e+03    7.92748e+01    7.43242e+02    1.34393e+03    8.19587e+03
        LJ (SR)   Coulomb (SR)   Coul. recip.      Potential    Kinetic En.
    1.41723e+04   -1.32831e+05    7.28858e+02   -1.05928e+05    1.85382e+04
   Total Energy  Conserved En.    Temperature Pressure (bar)   Constr. rmsd
   -8.73901e+04   -8.49772e+04    2.98659e+02    2.10792e+02    2.33890e-05

           Step           Time
           7100       14.20000

   Energies (kJ/mol)
          Angle    Proper Dih. Ryckaert-Bell.          LJ-14     Coulomb-14
    1.59295e+03    8.98023e+01    8.20600e+02    1.30696e+03    8.16482e+03
        LJ (SR)   Coulomb (SR)   Coul. recip.      Potential    Kinetic En.
    1.46746e+04   -1.33599e+05    7.70222e+02   -1.06179e+05    1.87041e+04
   Total Energy  Conserved En.    Temperature Pressure (bar)   Constr. rmsd
   -8.74745e+04   -8.49731e+04    3.01331e+02    2.68428e+01    2.56294e-05

           Step           Time
           7200       14.40000

   Energies (kJ/mol)
          Angle    Proper Dih. Ryckaert-Bell.          LJ-14     Coulomb-14
    1.71407e+03    1.09424e+02    8.03314e+02    1.30324e+03    8.18782e+03
        LJ (SR)   Coulomb (SR)   Coul. recip.      Potential    Kinetic En.
    1.46886e+04   -1.33486e+05    7.08955e+02   -1.05970e+05    1.85198e+04
   Total Energy  Conserved En.    Temperature Pressure (bar)   Constr. rmsd
   -8.74505e+04   -8.49759e+04    2.98362e+02    1.98388e+02    2.59686e-05

           Step           Time
           7300       14.60000

   Energies (kJ/mol)
          Angle    Proper Dih. Ryckaert-Bell.          LJ-14     Coulomb-14
    1.65479e+03    1.07669e+02    7.87759e+02    1.26590e+03    8.16274e+03
        LJ (SR)   Coulomb (SR)   Coul. recip.      Potential    Kinetic En.
    1.48011e+04   -1.33769e+05    7.22263e+02   -1.06267e+05    1.87081e+04
   Total Energy  Conserved En.    Temperature Pressure (bar)   Constr. rmsd
   -8.75588e+04   -8.49808e+04    3.01396e+02    5.69572e+01    2.66663e-05

           Step           Time
           7400       14.80000

   Energies (kJ/mol)
          Angle    Proper Dih. Ryckaert-Bell.          LJ-14     Coulomb-14
    1.70183e+03    8.48290e+01    7.35131e+02    1.30448e+03    8.15703e+03
        LJ (SR)   Coulomb (SR)   Coul. recip.      Potential    Kinetic En.
    1.44572e+04   -1.33254e+05    7.60456e+02   -1.06053e+05    1.85288e+04
   Total Energy  Conserved En.    Temperature Pressure (bar)   Constr. rmsd
   -8.75239e+04   -8.49768e+04    2.98507e+02    1.13240e+02    2.59852e-05

           Step           Time
           7500       15.00000

   Energies (kJ/mol)
          Angle    Proper Dih. Ryckaert-Bell.          LJ-14     Coulomb-14
    1.63851e+03    9.81226e+01    7.80499e+02    1.32191e+03    8.20194e+03
        LJ (SR)   Coulomb (SR)   Coul. recip.      Potential    Kinetic En.
    1.47879e+04   -1.33522e+05    7.20313e+02   -1.05973e+05    1.85554e+04
   Total Energy  Conserved En.    Temperature Pressure (bar)   Constr. rmsd
   -8.74176e+04   -8.49900e+04    2.98936e+02    2.32943e+02    2.63239e-05

           Step           Time
           7600       15.20000

   Energies (kJ/mol)
          Angle    Proper Dih. Ryckaert-Bell.          LJ-14     Coulomb-14
    1.64597e+03    8.42592e+01    7.65604e+02    1.30131e+03    8.16241e+03
        LJ (SR)   Coulomb (SR)   Coul. recip.      Potential    Kinetic En.
    1.48400e+04   -1.33631e+05    7.19280e+02   -1.06112e+05    1.87822e+04
   Total Energy  Conserved En.    Temperature Pressure (bar)   Constr. rmsd
   -8.73294e+04   -8.49842e+04    3.02590e+02    1.48220e+02    2.90712e-05

           Step           Time
           7700       15.40000

   Energies (kJ/mol)
          Angle    Proper Dih. Ryckaert-Bell.          LJ-14     Coulomb-14
    1.55506e+03    7.17907e+01    8.46282e+02    1.28330e+03    8.11636e+03
        LJ (SR)   Coulomb (SR)   Coul. recip.      Potential    Kinetic En.
    1.39049e+04   -1.32474e+05    7.47505e+02   -1.05948e+05    1.86883e+04
   Total Energy  Conserved En.    Temperature Pressure (bar)   Constr. rmsd
   -8.72599e+04   -8.49866e+04    3.01077e+02   -3.77522e+02    2.80022e-05

           Step           Time
           7800       15.60000

   Energies (kJ/mol)
          Angle    Proper Dih. Ryckaert-Bell.          LJ-14     Coulomb-14
    1.55266e+03    1.02836e+02    8.22668e+02    1.30331e+03    8.15286e+03
        LJ (SR)   Coulomb (SR)   Coul. recip.      Potential    Kinetic En.
    1.48466e+04   -1.33328e+05    7.69083e+02   -1.05778e+05    1.85188e+04
   Total Energy  Conserved En.    Temperature Pressure (bar)   Constr. rmsd
   -8.72588e+04   -8.49924e+04    2.98345e+02    2.28981e+02    2.74079e-05

           Step           Time
           7900       15.80000

   Energies (kJ/mol)
          Angle    Proper Dih. Ryckaert-Bell.          LJ-14     Coulomb-14
    1.62954e+03    1.16353e+02    8.53529e+02    1.31852e+03    8.19925e+03
        LJ (SR)   Coulomb (SR)   Coul. recip.      Potential    Kinetic En.
    1.42358e+04   -1.32907e+05    7.49363e+02   -1.05805e+05    1.87055e+04
   Total Energy  Conserved En.    Temperature Pressure (bar)   Constr. rmsd
   -8.70990e+04   -8.49795e+04    3.01353e+02   -2.36886e+02    2.71666e-05

           Step           Time
           8000       16.00000

   Energies (kJ/mol)
          Angle    Proper Dih. Ryckaert-Bell.          LJ-14     Coulomb-14
    1.60790e+03    9.30061e+01    7.69380e+02    1.28991e+03    8.18363e+03
        LJ (SR)   Coulomb (SR)   Coul. recip.      Potential    Kinetic En.
    1.46464e+04   -1.33207e+05    7.46334e+02   -1.05871e+05    1.87201e+04
   Total Energy  Conserved En.    Temperature Pressure (bar)   Constr. rmsd
   -8.71508e+04   -8.49882e+04    3.01589e+02    3.10383e+02    2.62447e-05

           Step           Time
           8100       16.20000

   Energies (kJ/mol)
          Angle    Proper Dih. Ryckaert-Bell.          LJ-14     Coulomb-14
    1.65560e+03    8.63876e+01    7.44567e+02    1.32969e+03    8.24498e+03
        LJ (SR)   Coulomb (SR)   Coul. recip.      Potential    Kinetic En.
    1.43245e+04   -1.32931e+05    7.38607e+02   -1.05807e+05    1.87695e+04
   Total Energy  Conserved En.    Temperature Pressure (bar)   Constr. rmsd
   -8.70377e+04   -8.49909e+04    3.02384e+02   -7.95249e+01    2.59736e-05

           Step           Time
           8200       16.40000

   Energies (kJ/mol)
          Angle    Proper Dih. Ryckaert-Bell.          LJ-14     Coulomb-14
    1.65149e+03    8.21851e+01    7.51259e+02    1.31548e+03    8.25066e+03
        LJ (SR)   Coulomb (SR)   Coul. recip.      Potential    Kinetic En.
    1.44150e+04   -1.32951e+05    7.10613e+02   -1.05775e+05    1.87601e+04
   Total Energy  Conserved En.    Temperature Pressure (bar)   Constr. rmsd
   -8.70146e+04   -8.49922e+04    3.02234e+02   -1.68004e+01    2.76629e-05

           Step           Time
           8300       16.60000

   Energies (kJ/mol)
          Angle    Proper Dih. Ryckaert-Bell.          LJ-14     Coulomb-14
    1.64075e+03    1.08296e+02    8.44487e+02    1.29524e+03    8.15352e+03
        LJ (SR)   Coulomb (SR)   Coul. recip.      Potential    Kinetic En.
    1.42541e+04   -1.32706e+05    7.33205e+02   -1.05677e+05    1.86416e+04
   Total Energy  Conserved En.    Temperature Pressure (bar)   Constr. rmsd
   -8.70352e+04   -8.49878e+04    3.00323e+02   -1.46461e+02    2.97310e-05

           Step           Time
           8400       16.80000

   Energies (kJ/mol)
          Angle    Proper Dih. Ryckaert-Bell.          LJ-14     Coulomb-14
    1.61005e+03    9.72185e+01    7.83127e+02    1.35263e+03    8.22849e+03
        LJ (SR)   Coulomb (SR)   Coul. recip.      Potential    Kinetic En.
    1.40522e+04   -1.32464e+05    7.39360e+02   -1.05601e+05    1.84239e+04
   Total Energy  Conserved En.    Temperature Pressure (bar)   Constr. rmsd
   -8.71766e+04   -8.49858e+04    2.96816e+02    1.55060e+02    2.39556e-05

           Step           Time
           8500       17.00000

   Energies (kJ/mol)
          Angle    Proper Dih. Ryckaert-Bell.          LJ-14     Coulomb-14
    1.61233e+03    7.73048e+01    7.90704e+02    1.33785e+03    8.19528e+03
        LJ (SR)   Coulomb (SR)   Coul. recip.      Potential    Kinetic En.
    1.46597e+04   -1.32787e+05    7.25321e+02   -1.05388e+05    1.82699e+04
   Total Energy  Conserved En.    Temperature Pressure (bar)   Constr. rmsd
   -8.71183e+04   -8.49838e+04    2.94336e+02    1.75584e+02    2.80315e-05

           Step           Time
           8600       17.20000

   Energies (kJ/mol)
          Angle    Proper Dih. Ryckaert-Bell.          LJ-14     Coulomb-14
    1.50105e+03    7.76216e+01    7.54990e+02    1.33200e+03    8.21495e+03
        LJ (SR)   Coulomb (SR)   Coul. recip.      Potential    Kinetic En.
    1.48134e+04   -1.33219e+05    7.57431e+02   -1.05768e+05    1.87691e+04
   Total Energy  Conserved En.    Temperature Pressure (bar)   Constr. rmsd
   -8.69987e+04   -8.49914e+04    3.02378e+02    2.36947e+02    2.68479e-05

           Step           Time
           8700       17.40000

   Energies (kJ/mol)
          Angle    Proper Dih. Ryckaert-Bell.          LJ-14     Coulomb-14
    1.50406e+03    1.12068e+02    8.11327e+02    1.31761e+03    8.21858e+03
        LJ (SR)   Coulomb (SR)   Coul. recip.      Potential    Kinetic En.
    1.46258e+04   -1.33304e+05    7.90218e+02   -1.05924e+05    1.88442e+04
   Total Energy  Conserved En.    Temperature Pressure (bar)   Constr. rmsd
   -8.70802e+04   -8.50071e+04    3.03588e+02    1.25254e+02    2.64825e-05

           Step           Time
           8800       17.60000

   Energies (kJ/mol)
          Angle    Proper Dih. Ryckaert-Bell.          LJ-14     Coulomb-14
    1.69855e+03    8.97810e+01    8.00363e+02    1.29535e+03    8.18257e+03
        LJ (SR)   Coulomb (SR)   Coul. recip.      Potential    Kinetic En.
    1.37065e+04   -1.32108e+05    7.17490e+02   -1.05617e+05    1.85366e+04
   Total Energy  Conserved En.    Temperature Pressure (bar)   Constr. rmsd
   -8.70805e+04   -8.49835e+04    2.98632e+02   -6.19295e+02    2.72640e-05

           Step           Time
           8900       17.80000

   Energies (kJ/mol)
          Angle    Proper Dih. Ryckaert-Bell.          LJ-14     Coulomb-14
    1.73220e+03    9.44493e+01    8.06555e+02    1.27659e+03    8.14878e+03
        LJ (SR)   Coulomb (SR)   Coul. recip.      Potential    Kinetic En.
    1.40744e+04   -1.32658e+05    7.41800e+02   -1.05783e+05    1.87462e+04
   Total Energy  Conserved En.    Temperature Pressure (bar)   Constr. rmsd
   -8.70372e+04   -8.49902e+04    3.02009e+02   -2.72524e+02    2.80995e-05

           Step           Time
           9000       18.00000

   Energies (kJ/mol)
          Angle    Proper Dih. Ryckaert-Bell.          LJ-14     Coulomb-14
    1.62642e+03    1.07550e+02    8.15412e+02    1.33548e+03    8.24684e+03
        LJ (SR)   Coulomb (SR)   Coul. recip.      Potential    Kinetic En.
    1.45089e+04   -1.33243e+05    7.08494e+02   -1.05894e+05    1.86643e+04
   Total Energy  Conserved En.    Temperature Pressure (bar)   Constr. rmsd
   -8.72299e+04   -8.50011e+04    3.00690e+02    3.88521e+02    2.34114e-05

           Step           Time
           9100       18.20000

   Energies (kJ/mol)
          Angle    Proper Dih. Ryckaert-Bell.          LJ-14     Coulomb-14
    1.52658e+03    1.16884e+02    8.11885e+02    1.34150e+03    8.22885e+03
        LJ (SR)   Coulomb (SR)   Coul. recip.      Potential    Kinetic En.
    1.43388e+04   -1.33295e+05    7.30770e+02   -1.06199e+05    1.87718e+04
   Total Energy  Conserved En.    Temperature Pressure (bar)   Constr. rmsd
   -8.74274e+04   -8.50018e+04    3.02421e+02    4.15102e+01    2.57140e-05

           Step           Time
           9200       18.40000

   Energies (kJ/mol)
          Angle    Proper Dih. Ryckaert-Bell.          LJ-14     Coulomb-14
    1.68098e+03    9.96085e+01    7.55042e+02    1.27691e+03    8.17664e+03
        LJ (SR)   Coulomb (SR)   Coul. recip.      Potential    Kinetic En.
    1.45763e+04   -1.33146e+05    8.00975e+02   -1.05780e+05    1.83765e+04
   Total Energy  Conserved En.    Temperature Pressure (bar)   Constr. rmsd
   -8.74034e+04   -8.49912e+04    2.96052e+02   -1.38197e+02    2.97331e-05

           Step           Time
           9300       18.60000

   Energies (kJ/mol)
          Angle    Proper Dih. Ryckaert-Bell.          LJ-14     Coulomb-14
    1.58235e+03    9.65828e+01    8.56469e+02    1.29817e+03    8.20606e+03
        LJ (SR)   Coulomb (SR)   Coul. recip.      Potential    Kinetic En.
    1.49814e+04   -1.33923e+05    7.33490e+02   -1.06169e+05    1.87957e+04
   Total Energy  Conserved En.    Temperature Pressure (bar)   Constr. rmsd
   -8.73728e+04   -8.50055e+04    3.02807e+02    2.23557e+02    2.73916e-05

           Step           Time
           9400       18.80000

   Energies (kJ/mol)
          Angle    Proper Dih. Ryckaert-Bell.          LJ-14     Coulomb-14
    1.74520e+03    9.81560e+01    7.86249e+02    1.27022e+03    8.17524e+03
        LJ (SR)   Coulomb (SR)   Coul. recip.      Potential    Kinetic En.
    1.42684e+04   -1.32913e+05    7.26517e+02   -1.05843e+05    1.85788e+04
   Total Energy  Conserved En.    Temperature Pressure (bar)   Constr. rmsd
   -8.72645e+04   -8.49948e+04    2.99312e+02   -3.33295e+02    2.68236e-05

           Step           Time
           9500       19.00000

   Energies (kJ/mol)
          Angle    Proper Dih. Ryckaert-Bell.          LJ-14     Coulomb-14
    1.68945e+03    1.22374e+02    7.76987e+02    1.30161e+03    8.15149e+03
        LJ (SR)   Coulomb (SR)   Coul. recip.      Potential    Kinetic En.
    1.38092e+04   -1.32633e+05    7.77274e+02   -1.06004e+05    1.87877e+04
   Total Energy  Conserved En.    Temperature Pressure (bar)   Constr. rmsd
   -8.72168e+04   -8.49903e+04    3.02678e+02   -5.56127e+02    2.48779e-05

           Step           Time
           9600       19.20000

   Energies (kJ/mol)
          Angle    Proper Dih. Ryckaert-Bell.          LJ-14     Coulomb-14
    1.53593e+03    1.37155e+02    8.12798e+02    1.29909e+03    8.19245e+03
        LJ (SR)   Coulomb (SR)   Coul. recip.      Potential    Kinetic En.
    1.43127e+04   -1.32927e+05    7.38732e+02   -1.05898e+05    1.85793e+04
   Total Energy  Conserved En.    Temperature Pressure (bar)   Constr. rmsd
   -8.73185e+04   -8.50058e+04    2.99321e+02   -1.87802e+02    2.64561e-05

           Step           Time
           9700       19.40000

   Energies (kJ/mol)
          Angle    Proper Dih. Ryckaert-Bell.          LJ-14     Coulomb-14
    1.64116e+03    9.81095e+01    7.27477e+02    1.32431e+03    8.20852e+03
        LJ (SR)   Coulomb (SR)   Coul. recip.      Potential    Kinetic En.
    1.36559e+04   -1.32669e+05    7.52329e+02   -1.06261e+05    1.88178e+04
   Total Energy  Conserved En.    Temperature Pressure (bar)   Constr. rmsd
   -8.74433e+04   -8.49966e+04    3.03162e+02   -4.36930e+02    2.60343e-05

           Step           Time
           9800       19.60000

   Energies (kJ/mol)
          Angle    Proper Dih. Ryckaert-Bell.          LJ-14     Coulomb-14
    1.62997e+03    1.04832e+02    7.41238e+02    1.37133e+03    8.24275e+03
        LJ (SR)   Coulomb (SR)   Coul. recip.      Potential    Kinetic En.
    1.42152e+04   -1.33256e+05    7.56751e+02   -1.06194e+05    1.86851e+04
   Total Energy  Conserved En.    Temperature Pressure (bar)   Constr. rmsd
   -8.75091e+04   -8.50038e+04    3.01025e+02    5.29651e+02    2.14053e-05

           Step           Time
           9900       19.80000

   Energies (kJ/mol)
          Angle    Proper Dih. Ryckaert-Bell.          LJ-14     Coulomb-14
    1.60400e+03    1.06200e+02    7.48862e+02    1.30869e+03    8.16156e+03
        LJ (SR)   Coulomb (SR)   Coul. recip.      Potential    Kinetic En.
    1.44404e+04   -1.33163e+05    7.44676e+02   -1.06048e+05    1.85881e+04
   Total Energy  Conserved En.    Temperature Pressure (bar)   Constr. rmsd
   -8.74601e+04   -8.50058e+04    2.99462e+02    1.44079e+02    2.61559e-05

           Step           Time
          10000       20.00000

Writing checkpoint, step 10000 at Sat Oct 31 20:42:58 2020


   Energies (kJ/mol)
          Angle    Proper Dih. Ryckaert-Bell.          LJ-14     Coulomb-14
    1.63596e+03    9.66453e+01    7.47038e+02    1.31402e+03    8.20647e+03
        LJ (SR)   Coulomb (SR)   Coul. recip.      Potential    Kinetic En.
    1.43512e+04   -1.33087e+05    7.78615e+02   -1.05957e+05    1.84586e+04
   Total Energy  Conserved En.    Temperature Pressure (bar)   Constr. rmsd
   -8.74984e+04   -8.50013e+04    2.97375e+02   -4.94731e+01    2.78806e-05


	<======  ###############  ==>
	<====  A V E R A G E S  ====>
	<==  ###############  ======>

	Statistics over 10001 steps using 101 frames

   Energies (kJ/mol)
          Angle    Proper Dih. Ryckaert-Bell.          LJ-14     Coulomb-14
    1.59960e+03    1.00234e+02    8.10272e+02    1.31072e+03    8.18685e+03
        LJ (SR)   Coulomb (SR)   Coul. recip.      Potential    Kinetic En.
    1.43409e+04   -1.32825e+05    7.63410e+02   -1.05713e+05    1.86516e+04
   Total Energy  Conserved En.    Temperature Pressure (bar)   Constr. rmsd
   -8.70617e+04   -8.49623e+04    3.00485e+02    4.45636e+00    0.00000e+00

          Box-X          Box-Y          Box-Z
    4.42014e+00    3.58157e+00    4.79084e+00

   Total Virial (kJ/mol)
    6.24749e+03    1.64026e+01    1.21933e+02
    1.65564e+01    6.28355e+03    2.15284e+01
    1.21907e+02    2.14186e+01    6.09101e+03

   Pressure (bar)
   -1.39596e+01    1.15771e+01   -6.37134e+01
    1.15101e+01   -1.80055e+01   -8.48600e+00
   -6.37025e+01   -8.43871e+00    4.53342e+01

      T-Protein          T-SOL           T-NA
    2.99634e+02    3.00608e+02    2.85990e+02


	M E G A - F L O P S   A C C O U N T I N G

 NB=Group-cutoff nonbonded kernels    NxN=N-by-N cluster Verlet kernels
 RF=Reaction-Field  VdW=Van der Waals  QSTab=quadratic-spline table
 W3=SPC/TIP3p  W4=TIP4p (single or pairs)
 V&F=Potential and force  V=Potential only  F=Force only

 Computing:                               M-Number         M-Flops  % Flops
-----------------------------------------------------------------------------
 Pair Search distance check             623.252482        5609.272     0.2
 NxN Ewald Elec. + LJ [F]             23865.931856     1575151.502    52.9
 NxN Ewald Elec. + LJ [V&F]             243.524768       26057.150     0.9
 NxN Ewald Elec. [F]                  18934.711984     1155017.431    38.8
 NxN Ewald Elec. [V&F]                  193.174144       16226.628     0.5
 1,4 nonbonded interactions              22.392239        2015.302     0.1
 Calc Weights                           224.062404        8066.247     0.3
 Spread Q Bspline                      4779.997952        9559.996     0.3
 Gather F Bspline                      4779.997952       28679.988     1.0
 3D-FFT                               16897.629594      135181.037     4.5
 Solve PME                               12.801280         819.282     0.0
 Shift-X                                  1.501068           9.006     0.0
 Angles                                  15.511551        2605.941     0.1
 Propers                                  1.660166         380.178     0.0
 RB-Dihedrals                            17.231723        4256.236     0.1
 Virial                                   7.520513         135.369     0.0
 Stop-CM                                  0.761736           7.617     0.0
 P-Coupling                               7.475468          44.853     0.0
 Calc-Ekin                               14.950936         403.675     0.0
 Lincs                                    8.612583         516.755     0.0
 Lincs-Mat                              186.175836         744.703     0.0
 Constraint-V                            83.326662         666.613     0.0
 Constraint-Vir                           7.477470         179.459     0.0
 Settle                                  22.036609        7117.825     0.2
-----------------------------------------------------------------------------
 Total                                                 2979452.065   100.0
-----------------------------------------------------------------------------


     R E A L   C Y C L E   A N D   T I M E   A C C O U N T I N G

On 1 MPI rank, each using 4 OpenMP threads

 Computing:          Num   Num      Call    Wall time         Giga-Cycles
                     Ranks Threads  Count      (s)         total sum    %
-----------------------------------------------------------------------------
 Neighbor search        1    4        201       0.974         10.103   3.0
 Force                  1    4      10001      22.508        233.358  68.4
 PME mesh               1    4      10001       7.371         76.417  22.4
 NB X/F buffer ops.     1    4      19801       0.632          6.557   1.9
 Write traj.            1    4        101       0.154          1.599   0.5
 Update                 1    4      10001       0.325          3.371   1.0
 Constraints            1    4      10003       0.742          7.690   2.3
 Rest                                           0.219          2.268   0.7
-----------------------------------------------------------------------------
 Total                                         32.925        341.361 100.0
-----------------------------------------------------------------------------
 Breakdown of PME mesh computation
-----------------------------------------------------------------------------
 PME spread             1    4      10001       2.622         27.187   8.0
 PME gather             1    4      10001       1.560         16.171   4.7
 PME 3D-FFT             1    4      20002       2.549         26.433   7.7
 PME solve Elec         1    4      10001       0.604          6.262   1.8
-----------------------------------------------------------------------------

               Core t (s)   Wall t (s)        (%)
       Time:      131.699       32.925      400.0
                 (ns/day)    (hour/ns)
Performance:       52.488        0.457
Finished mdrun on rank 0 Sat Oct 31 20:42:58 2020

